[33mCMake Warning (dev) at CMakeLists.txt:17:
  Syntax Warning in cmake code at column 26

  Argument not separated from preceding token by whitespace.
This warning is for project developers.  Use -Wno-dev to suppress it.
[0m
[33mCMake Warning (dev) at CMakeLists.txt:18:
  Syntax Warning in cmake code at column 27

  Argument not separated from preceding token by whitespace.
This warning is for project developers.  Use -Wno-dev to suppress it.
[0m
[33mCMake Warning (dev) at CMakeLists.txt:19:
  Syntax Warning in cmake code at column 31

  Argument not separated from preceding token by whitespace.
This warning is for project developers.  Use -Wno-dev to suppress it.
[0m
-- Found ament_cmake: 1.3.8 (/opt/ros/humble/share/ament_cmake/cmake)
Traceback (most recent call last):
  File "/opt/ros/humble/share/ament_cmake_core/cmake/package_templates/templates_2_cmake.py", line 21, in <module>
    from ament_package.templates import get_environment_hook_template_path
ModuleNotFoundError: No module named 'ament_package'
[31mCMake Error at /opt/ros/humble/share/ament_cmake_core/cmake/ament_cmake_package_templates-extras.cmake:41 (message):
  execute_process(/usr/bin/python3
  /opt/ros/humble/share/ament_cmake_core/cmake/package_templates/templates_2_cmake.py
  /home/dyjung/ros2_oneday/build/best_camera_app_msgs/ament_cmake_package_templates/templates.cmake)
  returned error code 1
Call Stack (most recent call first):
  /opt/ros/humble/share/ament_cmake_core/cmake/ament_cmake_coreConfig.cmake:41 (include)
  /opt/ros/humble/share/ament_cmake/cmake/ament_cmake_export_dependencies-extras.cmake:15 (find_package)
  /opt/ros/humble/share/ament_cmake/cmake/ament_cmakeConfig.cmake:41 (include)
  CMakeLists.txt:9 (find_package)

[0m
-- Configuring incomplete, errors occurred!
See also "/home/dyjung/ros2_oneday/build/best_camera_app_msgs/CMakeFiles/CMakeOutput.log".
gmake: *** [Makefile:747: cmake_check_build_system] Error 1
